2025-05-27 01:25:14.886 [main] INFO  SOLIDLogger setup:37 - --- Setting up WebDriver for a new test ---
2025-05-27 01:25:16.443 [main] DEBUG io.netty.util.internal.logging.InternalLoggerFactory useLog4J2LoggerFactory:76 - Using Log4J2 as the default logging framework
2025-05-27 01:25:16.473 [main] DEBUG io.netty.util.ResourceLeakDetector <clinit>:129 - -Dio.netty.leakDetection.level: simple
2025-05-27 01:25:16.474 [main] DEBUG io.netty.util.ResourceLeakDetector <clinit>:130 - -Dio.netty.leakDetection.targetRecords: 4
2025-05-27 01:25:16.485 [main] DEBUG io.netty.util.ResourceLeakDetectorFactory newResourceLeakDetector:196 - Loaded default ResourceLeakDetector: io.netty.util.ResourceLeakDetector@35d3ab60
2025-05-27 01:25:16.536 [main] DEBUG io.netty.util.internal.PlatformDependent0 explicitNoUnsafeCause0:496 - -Dio.netty.noUnsafe: false
2025-05-27 01:25:16.537 [main] DEBUG io.netty.util.internal.PlatformDependent0 javaVersion0:1000 - Java version: 19
2025-05-27 01:25:16.543 [main] DEBUG io.netty.util.internal.PlatformDependent0 <clinit>:137 - sun.misc.Unsafe.theUnsafe: available
2025-05-27 01:25:16.545 [main] DEBUG io.netty.util.internal.PlatformDependent0 <clinit>:161 - sun.misc.Unsafe.copyMemory: available
2025-05-27 01:25:16.546 [main] DEBUG io.netty.util.internal.PlatformDependent0 <clinit>:193 - sun.misc.Unsafe.storeFence: available
2025-05-27 01:25:16.550 [main] DEBUG io.netty.util.internal.PlatformDependent0 <clinit>:236 - java.nio.Buffer.address: available
2025-05-27 01:25:16.552 [main] DEBUG io.netty.util.internal.PlatformDependent0 <clinit>:320 - direct buffer constructor: unavailable: Reflective setAccessible(true) disabled
2025-05-27 01:25:16.553 [main] DEBUG io.netty.util.internal.PlatformDependent0 <clinit>:385 - java.nio.Bits.unaligned: available, true
2025-05-27 01:25:16.556 [main] DEBUG io.netty.util.internal.PlatformDependent0 <clinit>:452 - jdk.internal.misc.Unsafe.allocateUninitializedArray(int): unavailable: class io.netty.util.internal.PlatformDependent0$7 cannot access class jdk.internal.misc.Unsafe (in module java.base) because module java.base does not export jdk.internal.misc to unnamed module @4dd8dc3
2025-05-27 01:25:16.559 [main] DEBUG io.netty.util.internal.PlatformDependent0 <clinit>:482 - java.nio.DirectByteBuffer.<init>(long, int): unavailable
2025-05-27 01:25:16.560 [main] DEBUG io.netty.util.internal.PlatformDependent unsafeUnavailabilityCause0:1159 - sun.misc.Unsafe: available
2025-05-27 01:25:16.561 [main] DEBUG io.netty.util.internal.PlatformDependent estimateMaxDirectMemory:1270 - maxDirectMemory: 2055208960 bytes (maybe)
2025-05-27 01:25:16.562 [main] DEBUG io.netty.util.internal.PlatformDependent tmpdir0:1289 - -Dio.netty.tmpdir: C:\Users\Admin\AppData\Local\Temp (java.io.tmpdir)
2025-05-27 01:25:16.562 [main] DEBUG io.netty.util.internal.PlatformDependent bitMode0:1368 - -Dio.netty.bitMode: 64 (sun.arch.data.model)
2025-05-27 01:25:16.564 [main] DEBUG io.netty.util.internal.PlatformDependent isWindows0:1119 - Platform: Windows
2025-05-27 01:25:16.565 [main] DEBUG io.netty.util.internal.PlatformDependent <clinit>:178 - -Dio.netty.maxDirectMemory: -1 bytes
2025-05-27 01:25:16.566 [main] DEBUG io.netty.util.internal.PlatformDependent <clinit>:185 - -Dio.netty.uninitializedArrayAllocationThreshold: -1
2025-05-27 01:25:16.571 [main] DEBUG io.netty.util.internal.CleanerJava9 <clinit>:71 - java.nio.ByteBuffer.cleaner(): available
2025-05-27 01:25:16.574 [main] DEBUG io.netty.util.internal.PlatformDependent <clinit>:205 - -Dio.netty.noPreferDirect: false
2025-05-27 01:25:16.592 [main] DEBUG io.netty.util.internal.PlatformDependent <clinit>:1010 - org.jctools-core.MpscChunkedArrayQueue: available
2025-05-27 01:25:16.638 [main] DEBUG io.netty.util.internal.InternalThreadLocalMap <clinit>:100 - -Dio.netty.threadLocalMap.stringBuilder.initialSize: 1024
2025-05-27 01:25:16.639 [main] DEBUG io.netty.util.internal.InternalThreadLocalMap <clinit>:101 - -Dio.netty.threadLocalMap.stringBuilder.maxSize: 4096
2025-05-27 01:25:16.778 [main] DEBUG io.netty.handler.ssl.JdkSslContext <clinit>:83 - Default protocols (JDK): [TLSv1.3, TLSv1.2] 
2025-05-27 01:25:16.779 [main] DEBUG io.netty.handler.ssl.JdkSslContext <clinit>:84 - Default cipher suites (JDK): [TLS_ECDHE_ECDSA_WITH_AES_256_GCM_SHA384, TLS_ECDHE_ECDSA_WITH_AES_128_GCM_SHA256, TLS_ECDHE_RSA_WITH_AES_128_GCM_SHA256, TLS_ECDHE_RSA_WITH_AES_256_GCM_SHA384, TLS_ECDHE_RSA_WITH_AES_128_CBC_SHA, TLS_ECDHE_RSA_WITH_AES_256_CBC_SHA, TLS_RSA_WITH_AES_128_GCM_SHA256, TLS_RSA_WITH_AES_128_CBC_SHA, TLS_RSA_WITH_AES_256_CBC_SHA, TLS_AES_128_GCM_SHA256, TLS_AES_256_GCM_SHA384]
2025-05-27 01:25:16.830 [main] DEBUG io.netty.util.concurrent.GlobalEventExecutor <clinit>:53 - -Dio.netty.globalEventExecutor.quietPeriodSeconds: 1
2025-05-27 01:25:16.858 [main] DEBUG io.netty.channel.MultithreadEventLoopGroup <clinit>:44 - -Dio.netty.eventLoopThreads: 8
2025-05-27 01:25:16.878 [main] DEBUG io.netty.channel.nio.NioEventLoop <clinit>:110 - -Dio.netty.noKeySetOptimization: false
2025-05-27 01:25:16.879 [main] DEBUG io.netty.channel.nio.NioEventLoop <clinit>:111 - -Dio.netty.selectorAutoRebuildThreshold: 512
2025-05-27 01:25:16.979 [main] DEBUG io.netty.buffer.PooledByteBufAllocator <clinit>:157 - -Dio.netty.allocator.numHeapArenas: 8
2025-05-27 01:25:16.979 [main] DEBUG io.netty.buffer.PooledByteBufAllocator <clinit>:158 - -Dio.netty.allocator.numDirectArenas: 8
2025-05-27 01:25:16.979 [main] DEBUG io.netty.buffer.PooledByteBufAllocator <clinit>:160 - -Dio.netty.allocator.pageSize: 8192
2025-05-27 01:25:16.980 [main] DEBUG io.netty.buffer.PooledByteBufAllocator <clinit>:165 - -Dio.netty.allocator.maxOrder: 9
2025-05-27 01:25:16.982 [main] DEBUG io.netty.buffer.PooledByteBufAllocator <clinit>:169 - -Dio.netty.allocator.chunkSize: 4194304
2025-05-27 01:25:16.982 [main] DEBUG io.netty.buffer.PooledByteBufAllocator <clinit>:170 - -Dio.netty.allocator.smallCacheSize: 256
2025-05-27 01:25:16.983 [main] DEBUG io.netty.buffer.PooledByteBufAllocator <clinit>:171 - -Dio.netty.allocator.normalCacheSize: 64
2025-05-27 01:25:16.983 [main] DEBUG io.netty.buffer.PooledByteBufAllocator <clinit>:172 - -Dio.netty.allocator.maxCachedBufferCapacity: 32768
2025-05-27 01:25:16.984 [main] DEBUG io.netty.buffer.PooledByteBufAllocator <clinit>:173 - -Dio.netty.allocator.cacheTrimInterval: 8192
2025-05-27 01:25:16.984 [main] DEBUG io.netty.buffer.PooledByteBufAllocator <clinit>:174 - -Dio.netty.allocator.cacheTrimIntervalMillis: 0
2025-05-27 01:25:16.984 [main] DEBUG io.netty.buffer.PooledByteBufAllocator <clinit>:175 - -Dio.netty.allocator.useCacheForAllThreads: false
2025-05-27 01:25:16.985 [main] DEBUG io.netty.buffer.PooledByteBufAllocator <clinit>:176 - -Dio.netty.allocator.maxCachedByteBuffersPerChunk: 1023
2025-05-27 01:25:17.009 [main] DEBUG io.netty.buffer.ByteBufUtil <clinit>:88 - -Dio.netty.allocator.type: pooled
2025-05-27 01:25:17.009 [main] DEBUG io.netty.buffer.ByteBufUtil <clinit>:97 - -Dio.netty.threadLocalDirectBufferSize: 0
2025-05-27 01:25:17.010 [main] DEBUG io.netty.buffer.ByteBufUtil <clinit>:100 - -Dio.netty.maxThreadLocalCharBufferSize: 16384
2025-05-27 01:25:17.587 [Forwarding newSession on session null to remote] DEBUG io.netty.channel.DefaultChannelId <clinit>:79 - -Dio.netty.processId: 34500 (auto-detected)
2025-05-27 01:25:17.590 [Forwarding newSession on session null to remote] DEBUG io.netty.util.NetUtil <clinit>:148 - -Djava.net.preferIPv4Stack: false
2025-05-27 01:25:17.590 [Forwarding newSession on session null to remote] DEBUG io.netty.util.NetUtil <clinit>:149 - -Djava.net.preferIPv6Addresses: false
2025-05-27 01:25:17.608 [Forwarding newSession on session null to remote] DEBUG io.netty.util.NetUtilInitializations determineLoopback:145 - Loopback interface: lo (Software Loopback Interface 1, 127.0.0.1)
2025-05-27 01:25:17.611 [Forwarding newSession on session null to remote] DEBUG io.netty.util.NetUtil run:206 - Failed to get SOMAXCONN from sysctl and file \proc\sys\net\core\somaxconn. Default: 200
2025-05-27 01:25:17.670 [Forwarding newSession on session null to remote] DEBUG io.netty.channel.DefaultChannelId <clinit>:101 - -Dio.netty.machineId: e8:fb:1c:ff:fe:c0:b7:6f (auto-detected)
2025-05-27 01:25:17.742 [AsyncHttpClient-1-2] DEBUG io.netty.buffer.AbstractByteBuf <clinit>:63 - -Dio.netty.buffer.checkAccessible: true
2025-05-27 01:25:17.742 [AsyncHttpClient-1-2] DEBUG io.netty.buffer.AbstractByteBuf <clinit>:64 - -Dio.netty.buffer.checkBounds: true
2025-05-27 01:25:17.743 [AsyncHttpClient-1-2] DEBUG io.netty.util.ResourceLeakDetectorFactory newResourceLeakDetector:196 - Loaded default ResourceLeakDetector: io.netty.util.ResourceLeakDetector@5f3b51c5
2025-05-27 01:25:17.784 [AsyncHttpClient-1-2] DEBUG io.netty.util.Recycler <clinit>:96 - -Dio.netty.recycler.maxCapacityPerThread: 4096
2025-05-27 01:25:17.784 [AsyncHttpClient-1-2] DEBUG io.netty.util.Recycler <clinit>:97 - -Dio.netty.recycler.ratio: 8
2025-05-27 01:25:17.784 [AsyncHttpClient-1-2] DEBUG io.netty.util.Recycler <clinit>:98 - -Dio.netty.recycler.chunkSize: 32
2025-05-27 01:25:17.785 [AsyncHttpClient-1-2] DEBUG io.netty.util.Recycler <clinit>:99 - -Dio.netty.recycler.blocking: false
2025-05-27 01:25:17.785 [AsyncHttpClient-1-2] DEBUG io.netty.util.Recycler <clinit>:100 - -Dio.netty.recycler.batchFastThreadLocalOnly: true
2025-05-27 01:25:19.094 [AsyncHttpClient-1-2] DEBUG io.netty.handler.codec.compression.Brotli <clinit>:38 - brotli4j not in the classpath; Brotli support will be unavailable.
2025-05-27 01:25:19.306 [main] DEBUG io.netty.util.internal.ThreadLocalRandom newSeed:214 - -Dio.netty.initialSeedUniquifier: 0x0a65ebdac170964f
2025-05-27 01:25:19.389 [main] INFO  SOLIDLogger setup:51 - Chrome browser launched successfully in headless mode.
2025-05-27 01:25:19.395 [main] INFO  SOLIDLogger testLaunchGoogleAndAssertTitle:18 - Executing test: testLaunchGoogleAndAssertTitle
2025-05-27 01:25:19.396 [main] INFO  SOLIDLogger testLaunchGoogleAndAssertTitle:22 - Navigating to URL: https://www.google.com
2025-05-27 01:25:20.385 [main] DEBUG SOLIDLogger testLaunchGoogleAndAssertTitle:24 - Current URL: https://www.google.com/
2025-05-27 01:25:20.399 [main] INFO  SOLIDLogger testLaunchGoogleAndAssertTitle:27 - Actual page title: 'Google'
2025-05-27 01:25:20.402 [main] INFO  SOLIDLogger testLaunchGoogleAndAssertTitle:31 - Assertion Passed: Page title is 'Google' as expected.
2025-05-27 01:25:20.408 [main] INFO  SOLIDLogger teardown:66 - --- Tearing down WebDriver after test ---
2025-05-27 01:25:20.707 [main] INFO  SOLIDLogger teardown:69 - Browser closed successfully.
